# JRE version: Java(TM) SE Runtime Environment (17.0.11+7) (build 17.0.11+7-LTS-207)
# Java VM: Java HotSpot(TM) 64-Bit Server VM (17.0.11+7-LTS-207, mixed mode, sharing, tiered, compressed oops, compressed class ptrs, g1 gc, windows-amd64)
GC Precious Log:
 CPUs: 12 total, 12 available
 Memory: 7521M
 Large Page Support: Disabled
 NUMA Support: Disabled
 Compressed Oops: Enabled (Zero based)
 Heap Region Size: 4M
 Heap Min Capacity: 8M
 Heap Initial Capacity: 120M
 Heap Max Capacity: 4608M
 Pre-touch: Disabled
 Parallel Workers: 10
 Concurrent Workers: 3
 Concurrent Refinement Workers: 10
 Periodic GC: Disabled
Heap:
 garbage-first heap   total 712704K, used 357652K [0x00000006e0000000, 0x0000000800000000)
  region size 4096K, 27 young (110592K), 9 survivors (36864K)
 Metaspace       used 106021K, committed 107968K, reserved 1179648K
  class space    used 14850K, committed 15680K, reserved 1048576K
GC Heap History (20 events):
Event: 26.712 GC heap before
{Heap before GC invocations=45 (full 0):
 garbage-first heap   total 315392K, used 230231K [0x00000006e0000000, 0x0000000800000000)
  region size 4096K, 18 young (73728K), 2 survivors (8192K)
 Metaspace       used 99742K, committed 101312K, reserved 1179648K
  class space    used 14128K, committed 14784K, reserved 1048576K
}
Event: 26.725 GC heap after
{Heap after GC invocations=46 (full 0):
 garbage-first heap   total 315392K, used 187667K [0x00000006e0000000, 0x0000000800000000)
  region size 4096K, 3 young (12288K), 3 survivors (12288K)
 Metaspace       used 99742K, committed 101312K, reserved 1179648K
  class space    used 14128K, committed 14784K, reserved 1048576K
}
Event: 26.764 GC heap before
{Heap before GC invocations=46 (full 0):
 garbage-first heap   total 315392K, used 191763K [0x00000006e0000000, 0x0000000800000000)
  region size 4096K, 4 young (16384K), 3 survivors (12288K)
 Metaspace       used 99770K, committed 101312K, reserved 1179648K
  class space    used 14130K, committed 14784K, reserved 1048576K
}
Event: 26.774 GC heap after
{Heap after GC invocations=47 (full 0):
 garbage-first heap   total 315392K, used 191175K [0x00000006e0000000, 0x0000000800000000)
  region size 4096K, 1 young (4096K), 1 survivors (4096K)
 Metaspace       used 99770K, committed 101312K, reserved 1179648K
  class space    used 14130K, committed 14784K, reserved 1048576K
}
Event: 27.371 GC heap before
{Heap before GC invocations=47 (full 0):
 garbage-first heap   total 315392K, used 240327K [0x00000006e0000000, 0x0000000800000000)
  region size 4096K, 13 young (53248K), 1 survivors (4096K)
 Metaspace       used 100951K, committed 102528K, reserved 1179648K
  class space    used 14286K, committed 14976K, reserved 1048576K
}
Event: 27.379 GC heap after
{Heap after GC invocations=48 (full 0):
 garbage-first heap   total 315392K, used 200922K [0x00000006e0000000, 0x0000000800000000)
  region size 4096K, 2 young (8192K), 2 survivors (8192K)
 Metaspace       used 100951K, committed 102528K, reserved 1179648K
  class space    used 14286K, committed 14976K, reserved 1048576K
}
Event: 27.909 GC heap before
{Heap before GC invocations=49 (full 0):
 garbage-first heap   total 356352K, used 241882K [0x00000006e0000000, 0x0000000800000000)
  region size 4096K, 12 young (49152K), 2 survivors (8192K)
 Metaspace       used 102206K, committed 103872K, reserved 1179648K
  class space    used 14427K, committed 15104K, reserved 1048576K
}
Event: 27.923 GC heap after
{Heap after GC invocations=50 (full 0):
 garbage-first heap   total 356352K, used 211777K [0x00000006e0000000, 0x0000000800000000)
  region size 4096K, 2 young (8192K), 2 survivors (8192K)
 Metaspace       used 102206K, committed 103872K, reserved 1179648K
  class space    used 14427K, committed 15104K, reserved 1048576K
}
Event: 27.979 GC heap before
{Heap before GC invocations=50 (full 0):
 garbage-first heap   total 356352K, used 219969K [0x00000006e0000000, 0x0000000800000000)
  region size 4096K, 4 young (16384K), 2 survivors (8192K)
 Metaspace       used 102439K, committed 104128K, reserved 1179648K
  class space    used 14456K, committed 15168K, reserved 1048576K
}
Event: 27.989 GC heap after
{Heap after GC invocations=51 (full 0):
 garbage-first heap   total 356352K, used 212266K [0x00000006e0000000, 0x0000000800000000)
  region size 4096K, 1 young (4096K), 1 survivors (4096K)
 Metaspace       used 102439K, committed 104128K, reserved 1179648K
  class space    used 14456K, committed 15168K, reserved 1048576K
}
Event: 28.409 GC heap before
{Heap before GC invocations=51 (full 0):
 garbage-first heap   total 356352K, used 269610K [0x00000006e0000000, 0x0000000800000000)
  region size 4096K, 15 young (61440K), 1 survivors (4096K)
 Metaspace       used 103157K, committed 104896K, reserved 1179648K
  class space    used 14535K, committed 15296K, reserved 1048576K
}
Event: 28.421 GC heap after
{Heap after GC invocations=52 (full 0):
 garbage-first heap   total 712704K, used 217944K [0x00000006e0000000, 0x0000000800000000)
  region size 4096K, 2 young (8192K), 2 survivors (8192K)
 Metaspace       used 103157K, committed 104896K, reserved 1179648K
  class space    used 14535K, committed 15296K, reserved 1048576K
}
Event: 30.225 GC heap before
{Heap before GC invocations=52 (full 0):
 garbage-first heap   total 712704K, used 471896K [0x00000006e0000000, 0x0000000800000000)
  region size 4096K, 64 young (262144K), 2 survivors (8192K)
 Metaspace       used 104635K, committed 106560K, reserved 1179648K
  class space    used 14710K, committed 15552K, reserved 1048576K
}
Event: 30.289 GC heap after
{Heap after GC invocations=53 (full 0):
 garbage-first heap   total 712704K, used 241989K [0x00000006e0000000, 0x0000000800000000)
  region size 4096K, 8 young (32768K), 8 survivors (32768K)
 Metaspace       used 104635K, committed 106560K, reserved 1179648K
  class space    used 14710K, committed 15552K, reserved 1048576K
}
Event: 31.176 GC heap before
{Heap before GC invocations=53 (full 0):
 garbage-first heap   total 712704K, used 512325K [0x00000006e0000000, 0x0000000800000000)
  region size 4096K, 74 young (303104K), 8 survivors (32768K)
 Metaspace       used 105628K, committed 107520K, reserved 1179648K
  class space    used 14789K, committed 15616K, reserved 1048576K
}
Event: 31.291 GC heap after
{Heap after GC invocations=54 (full 0):
 garbage-first heap   total 712704K, used 257450K [0x00000006e0000000, 0x0000000800000000)
  region size 4096K, 5 young (20480K), 5 survivors (20480K)
 Metaspace       used 105628K, committed 107520K, reserved 1179648K
  class space    used 14789K, committed 15616K, reserved 1048576K
}
Event: 33.449 GC heap before
{Heap before GC invocations=54 (full 0):
 garbage-first heap   total 712704K, used 531882K [0x00000006e0000000, 0x0000000800000000)
  region size 4096K, 73 young (299008K), 5 survivors (20480K)
 Metaspace       used 105846K, committed 107776K, reserved 1179648K
  class space    used 14831K, committed 15680K, reserved 1048576K
}
Event: 33.481 GC heap after
{Heap after GC invocations=55 (full 0):
 garbage-first heap   total 712704K, used 273088K [0x00000006e0000000, 0x0000000800000000)
  region size 4096K, 8 young (32768K), 8 survivors (32768K)
 Metaspace       used 105846K, committed 107776K, reserved 1179648K
  class space    used 14831K, committed 15680K, reserved 1048576K
}
Event: 34.856 GC heap before
{Heap before GC invocations=55 (full 0):
 garbage-first heap   total 712704K, used 551616K [0x00000006e0000000, 0x0000000800000000)
  region size 4096K, 77 young (315392K), 8 survivors (32768K)
 Metaspace       used 106019K, committed 107968K, reserved 1179648K
  class space    used 14850K, committed 15680K, reserved 1048576K
}
Event: 34.984 GC heap after
{Heap after GC invocations=56 (full 0):
 garbage-first heap   total 712704K, used 288020K [0x00000006e0000000, 0x0000000800000000)
  region size 4096K, 9 young (36864K), 9 survivors (36864K)
 Metaspace       used 106019K, committed 107968K, reserved 1179648K
  class space    used 14850K, committed 15680K, reserved 1048576K
}

